app/build/intermediates/manifest_merge_blame_file/debug/manifest-merger-blame-debug-report.txt
1<?xml version="1.0" encoding="utf-8"?>
2<manifest xmlns:android="http://schemas.android.com/apk/res/android"
3    package="com.example.mapa"
4    android:versionCode="1"
5    android:versionName="1.0" >
6
7    <uses-sdk
8        android:minSdkVersion="21"
8-->src\main\AndroidManifest.xml
9        android:targetSdkVersion="33" />
9-->src\main\AndroidManifest.xml
10
11    <application
11-->src\main\AndroidManifest.xml:5:5-12:19
12        android:allowBackup="true"
12-->src\main\AndroidManifest.xml:6:13-39
13        android:appComponentFactory="android.support.v4.app.CoreComponentFactory"
13-->[com.android.support:support-compat:28.0.0] AndroidManifest.xml:22:18-91
14        android:debuggable="true"
15        android:icon="@mipmap/ic_launcher"
15-->src\main\AndroidManifest.xml:7:13-47
16        android:label="@string/app_name"
16-->src\main\AndroidManifest.xml:8:13-45
17        android:roundIcon="@mipmap/ic_launcher_round"
17-->src\main\AndroidManifest.xml:9:13-58
18        android:supportsRtl="true"
18-->src\main\AndroidManifest.xml:10:13-39
19        android:testOnly="true"
20        android:theme="@style/Theme.Mapa" >
20-->src\main\AndroidManifest.xml:11:13-46
21    </application>
22
23</manifest>